<?xml version="1.0" encoding="UTF-8"?>
<!-- Generated by org.testng.reporters.JUnitReportReporter -->
<testsuite hostname="LAPTOP-T7QQ74EJ" failures="0" tests="2" name="TestNG.NAvigatetoFacebook" time="13.149" errors="0" timestamp="2025-07-30T11:26:24 IST" skipped="0">
  <testcase classname="TestNG.NAvigatetoFacebook" name="Facebook" time="6.899">
    <system-out>
      <![CDATA[Facebook]]>
    </system-out>
  </testcase> <!-- Facebook -->
  <testcase classname="TestNG.NAvigatetoFacebook" name="Facebook" time="6.250">
    <system-out>
      <![CDATA[Facebook]]>
    </system-out>
  </testcase> <!-- Facebook -->
  <system-out>
    <![CDATA[Flipkart
Flipkart
Facebook
Facebook
Swiggy
Swiggy]]>
  </system-out>
</testsuite> <!-- TestNG.NAvigatetoFacebook -->
