<?xml version="1.0" encoding="UTF-8"?>
<!-- Generated by org.testng.reporters.JUnitReportReporter -->
<testsuite hostname="LAPTOP-T7QQ74EJ" failures="0" tests="5" name="TestNG.UsingTHreadPUllSIze" time="0.017" errors="0" timestamp="2025-07-30T08:41:58 IST" skipped="0">
  <testcase classname="TestNG.UsingTHreadPUllSIze" name="Spiderman" time="0.002"/>
  <testcase classname="TestNG.UsingTHreadPUllSIze" name="Ironman" time="0.002"/>
  <testcase classname="TestNG.UsingTHreadPUllSIze" name="Ironman" time="0.004"/>
  <testcase classname="TestNG.UsingTHreadPUllSIze" name="Ironman" time="0.005"/>
  <testcase classname="TestNG.UsingTHreadPUllSIze" name="Ironman" time="0.004"/>
</testsuite> <!-- TestNG.UsingTHreadPUllSIze -->
