<?xml version="1.0" encoding="UTF-8"?>
<!-- Generated by org.testng.reporters.JUnitReportReporter -->
<testsuite hostname="LAPTOP-T7QQ74EJ" failures="0" tests="1" name="TestNG.Create_simpleTest" time="0.006" errors="0" timestamp="2025-07-30T08:41:58 IST" skipped="0">
  <testcase classname="TestNG.Create_simpleTest" name="SampleTest" time="0.006"/>
</testsuite> <!-- TestNG.Create_simpleTest -->
