<?xml version="1.0" encoding="UTF-8"?>
<!-- Generated by org.testng.reporters.JUnitReportReporter -->
<testsuite hostname="LAPTOP-T7QQ74EJ" failures="0" tests="2" name="TestNG.USIng_depencedsONFlag" time="0.003" errors="0" timestamp="2025-07-30T08:41:58 IST" skipped="0">
  <testcase classname="TestNG.USIng_depencedsONFlag" name="Automation" time="0.002"/>
  <testcase classname="TestNG.USIng_depencedsONFlag" name="java" time="0.001"/>
</testsuite> <!-- TestNG.USIng_depencedsONFlag -->
