<?xml version="1.0" encoding="UTF-8"?>
<!-- Generated by org.testng.reporters.JUnitReportReporter -->
<testsuite hostname="LAPTOP-T7QQ74EJ" failures="0" tests="2" name="TestNG.NavigatetoSwiggy" time="18.767" errors="0" timestamp="2025-07-30T11:26:24 IST" skipped="0">
  <testcase classname="TestNG.NavigatetoSwiggy" name="Facebook" time="9.269">
    <system-out>
      <![CDATA[Swiggy]]>
    </system-out>
  </testcase> <!-- Facebook -->
  <testcase classname="TestNG.NavigatetoSwiggy" name="Facebook" time="9.498">
    <system-out>
      <![CDATA[Swiggy]]>
    </system-out>
  </testcase> <!-- Facebook -->
  <system-out>
    <![CDATA[Flipkart
Flipkart
Facebook
Facebook
Swiggy
Swiggy]]>
  </system-out>
</testsuite> <!-- TestNG.NavigatetoSwiggy -->
