<?xml version="1.0" encoding="UTF-8"?>
<!-- Generated by org.testng.reporters.JUnitReportReporter -->
<testsuite hostname="LAPTOP-T7QQ74EJ" failures="0" tests="3" name="TestNG.Using_priorityFlag" time="0.016" errors="0" timestamp="2025-07-30T08:41:58 IST" skipped="0">
  <testcase classname="TestNG.Using_priorityFlag" name="Register" time="0.013"/>
  <testcase classname="TestNG.Using_priorityFlag" name="Create" time="0.001"/>
  <testcase classname="TestNG.Using_priorityFlag" name="login" time="0.002"/>
</testsuite> <!-- TestNG.Using_priorityFlag -->
