<?xml version="1.0" encoding="UTF-8"?>
<!-- Generated by org.testng.reporters.JUnitReportReporter -->
<testsuite hostname="LAPTOP-T7QQ74EJ" failures="0" tests="2" name="TestNG.Using_EnabledFlag" time="0.002" errors="0" timestamp="2025-07-30T08:41:58 IST" skipped="1">
  <testcase classname="TestNG.Using_EnabledFlag" name="cat" time="0.002"/>
  <testcase classname="TestNG.Using_EnabledFlag" name="jerry">
    <skipped/>
  </testcase> <!-- jerry -->
</testsuite> <!-- TestNG.Using_EnabledFlag -->
