<?xml version="1.0" encoding="UTF-8"?>
<!-- Generated by org.testng.reporters.JUnitReportReporter -->
<testsuite hostname="LAPTOP-T7QQ74EJ" failures="0" tests="1" name="Annotations.BaseClass_utilizing" time="0.008" errors="0" timestamp="2025-08-01T09:26:34 IST" skipped="0">
  <testcase classname="Annotations.BaseClass_utilizing" name="TestScripts" time="0.008">
    <system-out>
      <![CDATA[Create a product]]>
    </system-out>
  </testcase> <!-- TestScripts -->
  <system-out>
    <![CDATA[BS-Connect with the database
BT-Configure the parallel execution
BC-Launch the browser
BM-Login
Create a product
AM-Logout
AC-Quit the browser
AT-Close the parallel execution
AS-DisConnect with the database]]>
  </system-out>
</testsuite> <!-- Annotations.BaseClass_utilizing -->
