<?xml version="1.0" encoding="UTF-8"?>
<!-- Generated by org.testng.reporters.JUnitReportReporter -->
<testsuite hostname="LAPTOP-T7QQ74EJ" failures="0" tests="1" name="Assertions.USing_SoftAssert" time="2.890" errors="0" timestamp="2025-07-31T09:23:23 IST" skipped="0">
  <testcase classname="Assertions.USing_SoftAssert" name="softassert" time="2.890"/>
</testsuite> <!-- Assertions.USing_SoftAssert -->
