<?xml version="1.0" encoding="UTF-8"?>
<!-- Generated by org.testng.reporters.JUnitReportReporter -->
<testsuite hostname="LAPTOP-T7QQ74EJ" failures="0" tests="3" name="DataProviders.MultipleSetOfData" time="0.019" errors="0" timestamp="2025-07-31T09:55:47 IST" skipped="0">
  <testcase classname="DataProviders.MultipleSetOfData" name="loginTestscript" time="0.002"/>
  <testcase classname="DataProviders.MultipleSetOfData" name="loginTestscript" time="0.003"/>
  <testcase classname="DataProviders.MultipleSetOfData" name="loginTestscript" time="0.014"/>
</testsuite> <!-- DataProviders.MultipleSetOfData -->
