<?xml version="1.0" encoding="UTF-8"?>
<!-- Generated by org.testng.reporters.JUnitReportReporter -->
<testsuite hostname="LAPTOP-T7QQ74EJ" failures="0" tests="5" name="TestNG.Using_innvocationCount" time="0.011" errors="0" timestamp="2025-07-30T08:41:58 IST" skipped="0">
  <testcase classname="TestNG.Using_innvocationCount" name="Register" time="0.002"/>
  <testcase classname="TestNG.Using_innvocationCount" name="Login" time="0.003"/>
  <testcase classname="TestNG.Using_innvocationCount" name="Login" time="0.002"/>
  <testcase classname="TestNG.Using_innvocationCount" name="Login" time="0.001"/>
  <testcase classname="TestNG.Using_innvocationCount" name="Create" time="0.003"/>
</testsuite> <!-- TestNG.Using_innvocationCount -->
