<?xml version="1.0" encoding="UTF-8"?>
<!-- Generated by org.testng.reporters.JUnitReportReporter -->
<testsuite hostname="LAPTOP-T7QQ74EJ" failures="0" tests="2" name="TestNG.Navigatetoflip" time="13.822" errors="0" timestamp="2025-07-30T11:26:24 IST" skipped="0">
  <testcase classname="TestNG.Navigatetoflip" name="Facebook" time="6.612">
    <system-out>
      <![CDATA[Flipkart]]>
    </system-out>
  </testcase> <!-- Facebook -->
  <testcase classname="TestNG.Navigatetoflip" name="Facebook" time="7.210">
    <system-out>
      <![CDATA[Flipkart]]>
    </system-out>
  </testcase> <!-- Facebook -->
  <system-out>
    <![CDATA[Flipkart
Flipkart
Facebook
Facebook
Swiggy
Swiggy]]>
  </system-out>
</testsuite> <!-- TestNG.Navigatetoflip -->
